<?xml version="1.0" encoding="UTF-8"?>
<!-- Generated by org.testng.reporters.JUnitXMLReporter -->
<testsuite ignored="2" hostname="DESKTOP-ML248P1" failures="0" tests="1" name="Default test" time="3.919" errors="0" timestamp="2023-07-09T11:33:29 GMT-04:00">
  <testcase classname="com.Rest.Api.Get.GetNonBDDApi" name="getUser_non_Bdd_Test" time="3.829"/>
  <testcase classname="com.Rest.Api.Get.GetNonBDDApi" name="getUser_non_Bdd_WithParameter_Test" time="0.0">
    <ignored/>
  </testcase> <!-- getUser_non_Bdd_WithParameter_Test -->
  <testcase classname="com.Rest.Api.Get.GetNonBDDApi" name="getUser_non_Bdd_HASHMAP_WithParameter_Test" time="0.0">
    <ignored/>
  </testcase> <!-- getUser_non_Bdd_HASHMAP_WithParameter_Test -->
</testsuite> <!-- Default test -->
