<?xml version="1.0" encoding="UTF-8"?>
<!-- Generated by org.testng.reporters.JUnitXMLReporter -->
<testsuite ignored="0" hostname="DESKTOP-ML248P1" failures="0" tests="3" name="Default test" time="6.444" errors="0" timestamp="2022-12-23T13:33:51 GMT-05:00">
  <testcase classname="com.Rest.Api.Get.GetNonBDDApi" name="getUser_non_Bdd_HASHMAP_WithParameter_Test" time="4.667"/>
  <testcase classname="com.Rest.Api.Get.GetNonBDDApi" name="getUser_non_Bdd_Test" time="1.154"/>
  <testcase classname="com.Rest.Api.Get.GetNonBDDApi" name="getUser_non_Bdd_WithParameter_Test" time="0.555"/>
</testsuite> <!-- Default test -->
